<?xml version="1.0" encoding="UTF-8"?>
<testsuite xmlns:xsi="http://www.w3.org/2001/XMLSchema-instance" xsi:noNamespaceSchemaLocation="https://maven.apache.org/surefire/maven-surefire-plugin/xsd/surefire-test-report.xsd" name="kz.kbtu.sfcourse.SFCourseApplicationTests" time="2.713" tests="1" errors="0" skipped="0" failures="0">
  <properties>
    <property name="java.specification.version" value="19"/>
    <property name="sun.jnu.encoding" value="UTF-8"/>
    <property name="java.class.path" value="/Users/alikhankaliyev/Desktop/Project_spring/target/test-classes:/Users/alikhankaliyev/Desktop/Project_spring/target/classes:/Users/alikhankaliyev/.m2/repository/org/springframework/boot/spring-boot-starter-web/2.7.1/spring-boot-starter-web-2.7.1.jar:/Users/alikhankaliyev/.m2/repository/org/springframework/boot/spring-boot-starter/2.7.1/spring-boot-starter-2.7.1.jar:/Users/alikhankaliyev/.m2/repository/org/springframework/boot/spring-boot-starter-logging/2.7.1/spring-boot-starter-logging-2.7.1.jar:/Users/alikhankaliyev/.m2/repository/ch/qos/logback/logback-classic/1.2.11/logback-classic-1.2.11.jar:/Users/alikhankaliyev/.m2/repository/ch/qos/logback/logback-core/1.2.11/logback-core-1.2.11.jar:/Users/alikhankaliyev/.m2/repository/org/apache/logging/log4j/log4j-to-slf4j/2.17.2/log4j-to-slf4j-2.17.2.jar:/Users/alikhankaliyev/.m2/repository/org/apache/logging/log4j/log4j-api/2.17.2/log4j-api-2.17.2.jar:/Users/alikhankaliyev/.m2/repository/org/slf4j/jul-to-slf4j/1.7.36/jul-to-slf4j-1.7.36.jar:/Users/alikhankaliyev/.m2/repository/jakarta/annotation/jakarta.annotation-api/1.3.5/jakarta.annotation-api-1.3.5.jar:/Users/alikhankaliyev/.m2/repository/org/yaml/snakeyaml/1.30/snakeyaml-1.30.jar:/Users/alikhankaliyev/.m2/repository/org/springframework/boot/spring-boot-starter-json/2.7.1/spring-boot-starter-json-2.7.1.jar:/Users/alikhankaliyev/.m2/repository/com/fasterxml/jackson/core/jackson-databind/2.13.3/jackson-databind-2.13.3.jar:/Users/alikhankaliyev/.m2/repository/com/fasterxml/jackson/core/jackson-annotations/2.13.3/jackson-annotations-2.13.3.jar:/Users/alikhankaliyev/.m2/repository/com/fasterxml/jackson/datatype/jackson-datatype-jdk8/2.13.3/jackson-datatype-jdk8-2.13.3.jar:/Users/alikhankaliyev/.m2/repository/com/fasterxml/jackson/datatype/jackson-datatype-jsr310/2.13.3/jackson-datatype-jsr310-2.13.3.jar:/Users/alikhankaliyev/.m2/repository/com/fasterxml/jackson/module/jackson-module-parameter-names/2.13.3/jackson-module-parameter-names-2.13.3.jar:/Users/alikhankaliyev/.m2/repository/org/springframework/boot/spring-boot-starter-tomcat/2.7.1/spring-boot-starter-tomcat-2.7.1.jar:/Users/alikhankaliyev/.m2/repository/org/apache/tomcat/embed/tomcat-embed-core/9.0.64/tomcat-embed-core-9.0.64.jar:/Users/alikhankaliyev/.m2/repository/org/apache/tomcat/embed/tomcat-embed-el/9.0.64/tomcat-embed-el-9.0.64.jar:/Users/alikhankaliyev/.m2/repository/org/apache/tomcat/embed/tomcat-embed-websocket/9.0.64/tomcat-embed-websocket-9.0.64.jar:/Users/alikhankaliyev/.m2/repository/org/springframework/spring-web/5.3.21/spring-web-5.3.21.jar:/Users/alikhankaliyev/.m2/repository/org/springframework/spring-beans/5.3.21/spring-beans-5.3.21.jar:/Users/alikhankaliyev/.m2/repository/org/springframework/spring-webmvc/5.3.21/spring-webmvc-5.3.21.jar:/Users/alikhankaliyev/.m2/repository/org/springframework/spring-aop/5.3.21/spring-aop-5.3.21.jar:/Users/alikhankaliyev/.m2/repository/org/springframework/spring-context/5.3.21/spring-context-5.3.21.jar:/Users/alikhankaliyev/.m2/repository/org/springframework/spring-expression/5.3.21/spring-expression-5.3.21.jar:/Users/alikhankaliyev/.m2/repository/org/flywaydb/flyway-core/8.5.13/flyway-core-8.5.13.jar:/Users/alikhankaliyev/.m2/repository/org/projectlombok/lombok/1.18.24/lombok-1.18.24.jar:/Users/alikhankaliyev/.m2/repository/org/springframework/boot/spring-boot-starter-test/2.7.1/spring-boot-starter-test-2.7.1.jar:/Users/alikhankaliyev/.m2/repository/org/springframework/boot/spring-boot-test/2.7.1/spring-boot-test-2.7.1.jar:/Users/alikhankaliyev/.m2/repository/org/springframework/boot/spring-boot-test-autoconfigure/2.7.1/spring-boot-test-autoconfigure-2.7.1.jar:/Users/alikhankaliyev/.m2/repository/com/jayway/jsonpath/json-path/2.7.0/json-path-2.7.0.jar:/Users/alikhankaliyev/.m2/repository/net/minidev/json-smart/2.4.8/json-smart-2.4.8.jar:/Users/alikhankaliyev/.m2/repository/net/minidev/accessors-smart/2.4.8/accessors-smart-2.4.8.jar:/Users/alikhankaliyev/.m2/repository/org/ow2/asm/asm/9.1/asm-9.1.jar:/Users/alikhankaliyev/.m2/repository/jakarta/xml/bind/jakarta.xml.bind-api/2.3.3/jakarta.xml.bind-api-2.3.3.jar:/Users/alikhankaliyev/.m2/repository/jakarta/activation/jakarta.activation-api/1.2.2/jakarta.activation-api-1.2.2.jar:/Users/alikhankaliyev/.m2/repository/org/assertj/assertj-core/3.22.0/assertj-core-3.22.0.jar:/Users/alikhankaliyev/.m2/repository/org/hamcrest/hamcrest/2.2/hamcrest-2.2.jar:/Users/alikhankaliyev/.m2/repository/org/junit/jupiter/junit-jupiter/5.8.2/junit-jupiter-5.8.2.jar:/Users/alikhankaliyev/.m2/repository/org/junit/jupiter/junit-jupiter-api/5.8.2/junit-jupiter-api-5.8.2.jar:/Users/alikhankaliyev/.m2/repository/org/opentest4j/opentest4j/1.2.0/opentest4j-1.2.0.jar:/Users/alikhankaliyev/.m2/repository/org/junit/platform/junit-platform-commons/1.8.2/junit-platform-commons-1.8.2.jar:/Users/alikhankaliyev/.m2/repository/org/apiguardian/apiguardian-api/1.1.2/apiguardian-api-1.1.2.jar:/Users/alikhankaliyev/.m2/repository/org/junit/jupiter/junit-jupiter-params/5.8.2/junit-jupiter-params-5.8.2.jar:/Users/alikhankaliyev/.m2/repository/org/junit/jupiter/junit-jupiter-engine/5.8.2/junit-jupiter-engine-5.8.2.jar:/Users/alikhankaliyev/.m2/repository/org/junit/platform/junit-platform-engine/1.8.2/junit-platform-engine-1.8.2.jar:/Users/alikhankaliyev/.m2/repository/org/mockito/mockito-core/4.5.1/mockito-core-4.5.1.jar:/Users/alikhankaliyev/.m2/repository/net/bytebuddy/byte-buddy/1.12.11/byte-buddy-1.12.11.jar:/Users/alikhankaliyev/.m2/repository/net/bytebuddy/byte-buddy-agent/1.12.11/byte-buddy-agent-1.12.11.jar:/Users/alikhankaliyev/.m2/repository/org/objenesis/objenesis/3.2/objenesis-3.2.jar:/Users/alikhankaliyev/.m2/repository/org/mockito/mockito-junit-jupiter/4.5.1/mockito-junit-jupiter-4.5.1.jar:/Users/alikhankaliyev/.m2/repository/org/skyscreamer/jsonassert/1.5.0/jsonassert-1.5.0.jar:/Users/alikhankaliyev/.m2/repository/com/vaadin/external/google/android-json/0.0.20131108.vaadin1/android-json-0.0.20131108.vaadin1.jar:/Users/alikhankaliyev/.m2/repository/org/springframework/spring-core/5.3.21/spring-core-5.3.21.jar:/Users/alikhankaliyev/.m2/repository/org/springframework/spring-jcl/5.3.21/spring-jcl-5.3.21.jar:/Users/alikhankaliyev/.m2/repository/org/springframework/spring-test/5.3.21/spring-test-5.3.21.jar:/Users/alikhankaliyev/.m2/repository/org/xmlunit/xmlunit-core/2.9.0/xmlunit-core-2.9.0.jar:/Users/alikhankaliyev/.m2/repository/org/springframework/boot/spring-boot-starter-amqp/2.7.1/spring-boot-starter-amqp-2.7.1.jar:/Users/alikhankaliyev/.m2/repository/org/springframework/spring-messaging/5.3.21/spring-messaging-5.3.21.jar:/Users/alikhankaliyev/.m2/repository/org/springframework/amqp/spring-rabbit/2.4.6/spring-rabbit-2.4.6.jar:/Users/alikhankaliyev/.m2/repository/org/springframework/amqp/spring-amqp/2.4.6/spring-amqp-2.4.6.jar:/Users/alikhankaliyev/.m2/repository/org/springframework/retry/spring-retry/1.3.3/spring-retry-1.3.3.jar:/Users/alikhankaliyev/.m2/repository/com/rabbitmq/amqp-client/5.14.2/amqp-client-5.14.2.jar:/Users/alikhankaliyev/.m2/repository/org/springframework/spring-tx/5.3.21/spring-tx-5.3.21.jar:/Users/alikhankaliyev/.m2/repository/org/springdoc/springdoc-openapi-ui/1.6.15/springdoc-openapi-ui-1.6.15.jar:/Users/alikhankaliyev/.m2/repository/org/springdoc/springdoc-openapi-webmvc-core/1.6.15/springdoc-openapi-webmvc-core-1.6.15.jar:/Users/alikhankaliyev/.m2/repository/org/springdoc/springdoc-openapi-common/1.6.15/springdoc-openapi-common-1.6.15.jar:/Users/alikhankaliyev/.m2/repository/io/swagger/core/v3/swagger-core/2.2.8/swagger-core-2.2.8.jar:/Users/alikhankaliyev/.m2/repository/org/apache/commons/commons-lang3/3.12.0/commons-lang3-3.12.0.jar:/Users/alikhankaliyev/.m2/repository/com/fasterxml/jackson/dataformat/jackson-dataformat-yaml/2.13.3/jackson-dataformat-yaml-2.13.3.jar:/Users/alikhankaliyev/.m2/repository/io/swagger/core/v3/swagger-annotations/2.2.8/swagger-annotations-2.2.8.jar:/Users/alikhankaliyev/.m2/repository/io/swagger/core/v3/swagger-models/2.2.8/swagger-models-2.2.8.jar:/Users/alikhankaliyev/.m2/repository/jakarta/validation/jakarta.validation-api/2.0.2/jakarta.validation-api-2.0.2.jar:/Users/alikhankaliyev/.m2/repository/org/webjars/swagger-ui/4.17.1/swagger-ui-4.17.1.jar:/Users/alikhankaliyev/.m2/repository/org/webjars/webjars-locator-core/0.50/webjars-locator-core-0.50.jar:/Users/alikhankaliyev/.m2/repository/com/fasterxml/jackson/core/jackson-core/2.13.3/jackson-core-2.13.3.jar:/Users/alikhankaliyev/.m2/repository/io/github/classgraph/classgraph/4.8.149/classgraph-4.8.149.jar:/Users/alikhankaliyev/.m2/repository/org/springframework/boot/spring-boot-devtools/2.7.1/spring-boot-devtools-2.7.1.jar:/Users/alikhankaliyev/.m2/repository/org/springframework/boot/spring-boot/2.7.1/spring-boot-2.7.1.jar:/Users/alikhankaliyev/.m2/repository/org/springframework/boot/spring-boot-autoconfigure/2.7.1/spring-boot-autoconfigure-2.7.1.jar:/Users/alikhankaliyev/.m2/repository/org/springframework/amqp/spring-rabbit-test/2.4.6/spring-rabbit-test-2.4.6.jar:/Users/alikhankaliyev/.m2/repository/org/springframework/amqp/spring-rabbit-junit/2.4.6/spring-rabbit-junit-2.4.6.jar:/Users/alikhankaliyev/.m2/repository/com/rabbitmq/http-client/3.12.1/http-client-3.12.1.jar:/Users/alikhankaliyev/.m2/repository/org/codehaus/groovy/groovy/3.0.11/groovy-3.0.11.jar:/Users/alikhankaliyev/.m2/repository/org/codehaus/groovy/groovy-json/3.0.11/groovy-json-3.0.11.jar:/Users/alikhankaliyev/.m2/repository/org/hamcrest/hamcrest-library/2.2/hamcrest-library-2.2.jar:/Users/alikhankaliyev/.m2/repository/org/hamcrest/hamcrest-core/2.2/hamcrest-core-2.2.jar:/Users/alikhankaliyev/.m2/repository/org/springframework/boot/spring-boot-starter-data-jpa/2.7.1/spring-boot-starter-data-jpa-2.7.1.jar:/Users/alikhankaliyev/.m2/repository/org/springframework/boot/spring-boot-starter-aop/2.7.1/spring-boot-starter-aop-2.7.1.jar:/Users/alikhankaliyev/.m2/repository/org/aspectj/aspectjweaver/1.9.7/aspectjweaver-1.9.7.jar:/Users/alikhankaliyev/.m2/repository/org/springframework/boot/spring-boot-starter-jdbc/2.7.1/spring-boot-starter-jdbc-2.7.1.jar:/Users/alikhankaliyev/.m2/repository/com/zaxxer/HikariCP/4.0.3/HikariCP-4.0.3.jar:/Users/alikhankaliyev/.m2/repository/org/springframework/spring-jdbc/5.3.21/spring-jdbc-5.3.21.jar:/Users/alikhankaliyev/.m2/repository/jakarta/transaction/jakarta.transaction-api/1.3.3/jakarta.transaction-api-1.3.3.jar:/Users/alikhankaliyev/.m2/repository/jakarta/persistence/jakarta.persistence-api/2.2.3/jakarta.persistence-api-2.2.3.jar:/Users/alikhankaliyev/.m2/repository/org/hibernate/hibernate-core/5.6.9.Final/hibernate-core-5.6.9.Final.jar:/Users/alikhankaliyev/.m2/repository/org/jboss/logging/jboss-logging/3.4.3.Final/jboss-logging-3.4.3.Final.jar:/Users/alikhankaliyev/.m2/repository/antlr/antlr/2.7.7/antlr-2.7.7.jar:/Users/alikhankaliyev/.m2/repository/org/jboss/jandex/2.4.2.Final/jandex-2.4.2.Final.jar:/Users/alikhankaliyev/.m2/repository/com/fasterxml/classmate/1.5.1/classmate-1.5.1.jar:/Users/alikhankaliyev/.m2/repository/org/hibernate/common/hibernate-commons-annotations/5.1.2.Final/hibernate-commons-annotations-5.1.2.Final.jar:/Users/alikhankaliyev/.m2/repository/org/glassfish/jaxb/jaxb-runtime/2.3.6/jaxb-runtime-2.3.6.jar:/Users/alikhankaliyev/.m2/repository/org/glassfish/jaxb/txw2/2.3.6/txw2-2.3.6.jar:/Users/alikhankaliyev/.m2/repository/com/sun/istack/istack-commons-runtime/3.0.12/istack-commons-runtime-3.0.12.jar:/Users/alikhankaliyev/.m2/repository/com/sun/activation/jakarta.activation/1.2.2/jakarta.activation-1.2.2.jar:/Users/alikhankaliyev/.m2/repository/org/springframework/data/spring-data-jpa/2.7.1/spring-data-jpa-2.7.1.jar:/Users/alikhankaliyev/.m2/repository/org/springframework/data/spring-data-commons/2.7.1/spring-data-commons-2.7.1.jar:/Users/alikhankaliyev/.m2/repository/org/springframework/spring-orm/5.3.21/spring-orm-5.3.21.jar:/Users/alikhankaliyev/.m2/repository/org/springframework/spring-aspects/5.3.21/spring-aspects-5.3.21.jar:/Users/alikhankaliyev/.m2/repository/org/postgresql/postgresql/42.3.6/postgresql-42.3.6.jar:/Users/alikhankaliyev/.m2/repository/org/checkerframework/checker-qual/3.5.0/checker-qual-3.5.0.jar:/Users/alikhankaliyev/.m2/repository/org/slf4j/jcl-over-slf4j/1.7.36/jcl-over-slf4j-1.7.36.jar:/Users/alikhankaliyev/.m2/repository/org/slf4j/slf4j-api/1.7.36/slf4j-api-1.7.36.jar:/Users/alikhankaliyev/.m2/repository/io/gatling/highcharts/gatling-charts-highcharts/3.9.3/gatling-charts-highcharts-3.9.3.jar:/Users/alikhankaliyev/.m2/repository/io/gatling/gatling-app/3.9.3/gatling-app-3.9.3.jar:/Users/alikhankaliyev/.m2/repository/io/gatling/gatling-core/3.9.3/gatling-core-3.9.3.jar:/Users/alikhankaliyev/.m2/repository/io/gatling/gatling-netty-util/3.9.3/gatling-netty-util-3.9.3.jar:/Users/alikhankaliyev/.m2/repository/io/gatling/gatling-jdk-util/3.9.3/gatling-jdk-util-3.9.3.jar:/Users/alikhankaliyev/.m2/repository/io/netty/incubator/netty-incubator-transport-native-io_uring/0.0.19.Final/netty-incubator-transport-native-io_uring-0.0.19.Final-linux-x86_64.jar:/Users/alikhankaliyev/.m2/repository/io/netty/incubator/netty-incubator-transport-classes-io_uring/0.0.19.Final/netty-incubator-transport-classes-io_uring-0.0.19.Final.jar:/Users/alikhankaliyev/.m2/repository/io/netty/incubator/netty-incubator-transport-native-io_uring/0.0.19.Final/netty-incubator-transport-native-io_uring-0.0.19.Final-linux-aarch_64.jar:/Users/alikhankaliyev/.m2/repository/io/gatling/gatling-commons/3.9.3/gatling-commons-3.9.3.jar:/Users/alikhankaliyev/.m2/repository/io/gatling/gatling-commons-shared/3.9.3/gatling-commons-shared-3.9.3.jar:/Users/alikhankaliyev/.m2/repository/org/scala-lang/scala-reflect/2.13.10/scala-reflect-2.13.10.jar:/Users/alikhankaliyev/.m2/repository/io/suzaku/boopickle_2.13/1.3.3/boopickle_2.13-1.3.3.jar:/Users/alikhankaliyev/.m2/repository/io/gatling/gatling-commons-shared-unstable/3.9.3/gatling-commons-shared-unstable-3.9.3.jar:/Users/alikhankaliyev/.m2/repository/org/typelevel/spire-macros_2.13/0.17.0/spire-macros_2.13-0.17.0.jar:/Users/alikhankaliyev/.m2/repository/com/typesafe/scala-logging/scala-logging_2.13/3.9.5/scala-logging_2.13-3.9.5.jar:/Users/alikhankaliyev/.m2/repository/io/gatling/gatling-jsonpath/3.9.3/gatling-jsonpath-3.9.3.jar:/Users/alikhankaliyev/.m2/repository/com/typesafe/akka/akka-slf4j_2.13/2.6.20/akka-slf4j_2.13-2.6.20.jar:/Users/alikhankaliyev/.m2/repository/org/simpleflatmapper/lightning-csv/8.2.3/lightning-csv-8.2.3.jar:/Users/alikhankaliyev/.m2/repository/org/simpleflatmapper/sfm-util/8.2.3/sfm-util-8.2.3.jar:/Users/alikhankaliyev/.m2/repository/com/github/ben-manes/caffeine/caffeine/2.9.3/caffeine-2.9.3.jar:/Users/alikhankaliyev/.m2/repository/com/google/errorprone/error_prone_annotations/2.10.0/error_prone_annotations-2.10.0.jar:/Users/alikhankaliyev/.m2/repository/io/pebbletemplates/pebble/3.2.0/pebble-3.2.0.jar:/Users/alikhankaliyev/.m2/repository/org/unbescape/unbescape/1.1.6.RELEASE/unbescape-1.1.6.RELEASE.jar:/Users/alikhankaliyev/.m2/repository/org/scala-lang/modules/scala-parser-combinators_2.13/2.2.0/scala-parser-combinators_2.13-2.2.0.jar:/Users/alikhankaliyev/.m2/repository/com/github/scopt/scopt_2.13/3.7.1/scopt_2.13-3.7.1.jar:/Users/alikhankaliyev/.m2/repository/io/netty/netty-handler/4.1.78.Final/netty-handler-4.1.78.Final.jar:/Users/alikhankaliyev/.m2/repository/io/netty/netty-resolver/4.1.78.Final/netty-resolver-4.1.78.Final.jar:/Users/alikhankaliyev/.m2/repository/io/netty/netty-transport-native-unix-common/4.1.78.Final/netty-transport-native-unix-common-4.1.78.Final.jar:/Users/alikhankaliyev/.m2/repository/io/netty/netty-tcnative-classes/2.0.53.Final/netty-tcnative-classes-2.0.53.Final.jar:/Users/alikhankaliyev/.m2/repository/com/softwaremill/quicklens/quicklens_2.13/1.9.0/quicklens_2.13-1.9.0.jar:/Users/alikhankaliyev/.m2/repository/net/sf/saxon/Saxon-HE/10.6/Saxon-HE-10.6.jar:/Users/alikhankaliyev/.m2/repository/org/jodd/jodd-lagarto/6.0.6/jodd-lagarto-6.0.6.jar:/Users/alikhankaliyev/.m2/repository/org/jodd/jodd-util/6.1.0/jodd-util-6.1.0.jar:/Users/alikhankaliyev/.m2/repository/io/burt/jmespath-jackson/0.5.1/jmespath-jackson-0.5.1.jar:/Users/alikhankaliyev/.m2/repository/io/burt/jmespath-core/0.5.1/jmespath-core-0.5.1.jar:/Users/alikhankaliyev/.m2/repository/io/gatling/gatling-core-java/3.9.3/gatling-core-java-3.9.3.jar:/Users/alikhankaliyev/.m2/repository/net/jodah/typetools/0.6.3/typetools-0.6.3.jar:/Users/alikhankaliyev/.m2/repository/com/google/code/findbugs/jsr305/3.0.2/jsr305-3.0.2.jar:/Users/alikhankaliyev/.m2/repository/io/gatling/gatling-http/3.9.3/gatling-http-3.9.3.jar:/Users/alikhankaliyev/.m2/repository/io/gatling/gatling-http-client/3.9.3/gatling-http-client-3.9.3.jar:/Users/alikhankaliyev/.m2/repository/io/netty/netty-handler-proxy/4.1.78.Final/netty-handler-proxy-4.1.78.Final.jar:/Users/alikhankaliyev/.m2/repository/io/netty/netty-codec-socks/4.1.78.Final/netty-codec-socks-4.1.78.Final.jar:/Users/alikhankaliyev/.m2/repository/io/netty/netty-resolver-dns/4.1.78.Final/netty-resolver-dns-4.1.78.Final.jar:/Users/alikhankaliyev/.m2/repository/io/netty/netty-codec-dns/4.1.78.Final/netty-codec-dns-4.1.78.Final.jar:/Users/alikhankaliyev/.m2/repository/io/netty/netty-codec-http2/4.1.78.Final/netty-codec-http2-4.1.78.Final.jar:/Users/alikhankaliyev/.m2/repository/io/netty/netty-resolver-dns-native-macos/4.1.78.Final/netty-resolver-dns-native-macos-4.1.78.Final-osx-x86_64.jar:/Users/alikhankaliyev/.m2/repository/io/netty/netty-resolver-dns-classes-macos/4.1.78.Final/netty-resolver-dns-classes-macos-4.1.78.Final.jar:/Users/alikhankaliyev/.m2/repository/io/netty/netty-resolver-dns-native-macos/4.1.78.Final/netty-resolver-dns-native-macos-4.1.78.Final-osx-aarch_64.jar:/Users/alikhankaliyev/.m2/repository/io/netty/netty-tcnative-boringssl-static/2.0.53.Final/netty-tcnative-boringssl-static-2.0.53.Final.jar:/Users/alikhankaliyev/.m2/repository/io/netty/netty-tcnative-boringssl-static/2.0.53.Final/netty-tcnative-boringssl-static-2.0.53.Final-linux-x86_64.jar:/Users/alikhankaliyev/.m2/repository/io/netty/netty-tcnative-boringssl-static/2.0.53.Final/netty-tcnative-boringssl-static-2.0.53.Final-linux-aarch_64.jar:/Users/alikhankaliyev/.m2/repository/io/netty/netty-tcnative-boringssl-static/2.0.53.Final/netty-tcnative-boringssl-static-2.0.53.Final-osx-x86_64.jar:/Users/alikhankaliyev/.m2/repository/io/netty/netty-tcnative-boringssl-static/2.0.53.Final/netty-tcnative-boringssl-static-2.0.53.Final-osx-aarch_64.jar:/Users/alikhankaliyev/.m2/repository/io/netty/netty-tcnative-boringssl-static/2.0.53.Final/netty-tcnative-boringssl-static-2.0.53.Final-windows-x86_64.jar:/Users/alikhankaliyev/.m2/repository/com/aayushatharva/brotli4j/brotli4j/1.11.0/brotli4j-1.11.0.jar:/Users/alikhankaliyev/.m2/repository/com/aayushatharva/brotli4j/service/1.11.0/service-1.11.0.jar:/Users/alikhankaliyev/.m2/repository/com/aayushatharva/brotli4j/native-linux-x86_64/1.11.0/native-linux-x86_64-1.11.0.jar:/Users/alikhankaliyev/.m2/repository/com/aayushatharva/brotli4j/native-linux-aarch64/1.11.0/native-linux-aarch64-1.11.0.jar:/Users/alikhankaliyev/.m2/repository/com/aayushatharva/brotli4j/native-osx-x86_64/1.11.0/native-osx-x86_64-1.11.0.jar:/Users/alikhankaliyev/.m2/repository/com/aayushatharva/brotli4j/native-osx-aarch64/1.11.0/native-osx-aarch64-1.11.0.jar:/Users/alikhankaliyev/.m2/repository/com/aayushatharva/brotli4j/native-windows-x86_64/1.11.0/native-windows-x86_64-1.11.0.jar:/Users/alikhankaliyev/.m2/repository/io/gatling/gatling-http-java/3.9.3/gatling-http-java-3.9.3.jar:/Users/alikhankaliyev/.m2/repository/io/gatling/gatling-jms/3.9.3/gatling-jms-3.9.3.jar:/Users/alikhankaliyev/.m2/repository/javax/jms/javax.jms-api/2.0.1/javax.jms-api-2.0.1.jar:/Users/alikhankaliyev/.m2/repository/com/eatthepath/fast-uuid/0.2.0/fast-uuid-0.2.0.jar:/Users/alikhankaliyev/.m2/repository/io/gatling/gatling-jms-java/3.9.3/gatling-jms-java-3.9.3.jar:/Users/alikhankaliyev/.m2/repository/io/gatling/gatling-mqtt/3.9.3/gatling-mqtt-3.9.3.jar:/Users/alikhankaliyev/.m2/repository/io/netty/netty-codec-mqtt/4.1.78.Final/netty-codec-mqtt-4.1.78.Final.jar:/Users/alikhankaliyev/.m2/repository/io/netty/netty-transport-native-epoll/4.1.78.Final/netty-transport-native-epoll-4.1.78.Final-linux-x86_64.jar:/Users/alikhankaliyev/.m2/repository/io/netty/netty-transport-classes-epoll/4.1.78.Final/netty-transport-classes-epoll-4.1.78.Final.jar:/Users/alikhankaliyev/.m2/repository/io/netty/netty-transport-native-epoll/4.1.78.Final/netty-transport-native-epoll-4.1.78.Final-linux-aarch_64.jar:/Users/alikhankaliyev/.m2/repository/io/gatling/gatling-mqtt-java/3.9.3/gatling-mqtt-java-3.9.3.jar:/Users/alikhankaliyev/.m2/repository/io/gatling/gatling-jdbc/3.9.3/gatling-jdbc-3.9.3.jar:/Users/alikhankaliyev/.m2/repository/io/gatling/gatling-jdbc-java/3.9.3/gatling-jdbc-java-3.9.3.jar:/Users/alikhankaliyev/.m2/repository/io/gatling/gatling-redis/3.9.3/gatling-redis-3.9.3.jar:/Users/alikhankaliyev/.m2/repository/net/debasishg/redisclient_2.13/3.42/redisclient_2.13-3.42.jar:/Users/alikhankaliyev/.m2/repository/org/apache/commons/commons-pool2/2.11.1/commons-pool2-2.11.1.jar:/Users/alikhankaliyev/.m2/repository/io/gatling/gatling-redis-java/3.9.3/gatling-redis-java-3.9.3.jar:/Users/alikhankaliyev/.m2/repository/io/gatling/gatling-graphite/3.9.3/gatling-graphite-3.9.3.jar:/Users/alikhankaliyev/.m2/repository/org/hdrhistogram/HdrHistogram/2.1.12/HdrHistogram-2.1.12.jar:/Users/alikhankaliyev/.m2/repository/io/gatling/gatling-charts/3.9.3/gatling-charts-3.9.3.jar:/Users/alikhankaliyev/.m2/repository/com/tdunning/t-digest/3.1/t-digest-3.1.jar:/Users/alikhankaliyev/.m2/repository/io/gatling/gatling-recorder/3.9.3/gatling-recorder-3.9.3.jar:/Users/alikhankaliyev/.m2/repository/org/scala-lang/modules/scala-swing_2.13/3.0.0/scala-swing_2.13-3.0.0.jar:/Users/alikhankaliyev/.m2/repository/io/gatling/gatling-recorder-bc-shaded/1.72/gatling-recorder-bc-shaded-1.72.jar:/Users/alikhankaliyev/.m2/repository/io/netty/netty-codec-http/4.1.78.Final/netty-codec-http-4.1.78.Final.jar:/Users/alikhankaliyev/.m2/repository/io/netty/netty-common/4.1.78.Final/netty-common-4.1.78.Final.jar:/Users/alikhankaliyev/.m2/repository/io/netty/netty-buffer/4.1.78.Final/netty-buffer-4.1.78.Final.jar:/Users/alikhankaliyev/.m2/repository/io/netty/netty-transport/4.1.78.Final/netty-transport-4.1.78.Final.jar:/Users/alikhankaliyev/.m2/repository/io/netty/netty-codec/4.1.78.Final/netty-codec-4.1.78.Final.jar:/Users/alikhankaliyev/.m2/repository/com/typesafe/akka/akka-actor_2.13/2.6.20/akka-actor_2.13-2.6.20.jar:/Users/alikhankaliyev/.m2/repository/com/typesafe/config/1.4.2/config-1.4.2.jar:/Users/alikhankaliyev/.m2/repository/org/scala-lang/modules/scala-java8-compat_2.13/1.0.0/scala-java8-compat_2.13-1.0.0.jar:/Users/alikhankaliyev/.m2/repository/org/scala-lang/scala-library/2.13.10/scala-library-2.13.10.jar:"/>
    <property name="java.vm.vendor" value="Homebrew"/>
    <property name="sun.arch.data.model" value="64"/>
    <property name="java.vendor.url" value="https://github.com/Homebrew/homebrew-core/issues"/>
    <property name="os.name" value="Mac OS X"/>
    <property name="java.vm.specification.version" value="19"/>
    <property name="sun.java.launcher" value="SUN_STANDARD"/>
    <property name="user.country" value="KZ"/>
    <property name="sun.boot.library.path" value="/opt/homebrew/Cellar/openjdk/19.0.2/libexec/openjdk.jdk/Contents/Home/lib"/>
    <property name="sun.java.command" value="/Users/alikhankaliyev/Desktop/Project_spring/target/surefire/surefirebooter17081279496300543874.jar /Users/alikhankaliyev/Desktop/Project_spring/target/surefire 2023-04-29T11-30-22_454-jvmRun1 surefire10908547724167349277tmp surefire_018241961080870128367tmp"/>
    <property name="http.nonProxyHosts" value="local|*.local|169.254/16|*.169.254/16"/>
    <property name="jdk.debug" value="release"/>
    <property name="surefire.test.class.path" value="/Users/alikhankaliyev/Desktop/Project_spring/target/test-classes:/Users/alikhankaliyev/Desktop/Project_spring/target/classes:/Users/alikhankaliyev/.m2/repository/org/springframework/boot/spring-boot-starter-web/2.7.1/spring-boot-starter-web-2.7.1.jar:/Users/alikhankaliyev/.m2/repository/org/springframework/boot/spring-boot-starter/2.7.1/spring-boot-starter-2.7.1.jar:/Users/alikhankaliyev/.m2/repository/org/springframework/boot/spring-boot-starter-logging/2.7.1/spring-boot-starter-logging-2.7.1.jar:/Users/alikhankaliyev/.m2/repository/ch/qos/logback/logback-classic/1.2.11/logback-classic-1.2.11.jar:/Users/alikhankaliyev/.m2/repository/ch/qos/logback/logback-core/1.2.11/logback-core-1.2.11.jar:/Users/alikhankaliyev/.m2/repository/org/apache/logging/log4j/log4j-to-slf4j/2.17.2/log4j-to-slf4j-2.17.2.jar:/Users/alikhankaliyev/.m2/repository/org/apache/logging/log4j/log4j-api/2.17.2/log4j-api-2.17.2.jar:/Users/alikhankaliyev/.m2/repository/org/slf4j/jul-to-slf4j/1.7.36/jul-to-slf4j-1.7.36.jar:/Users/alikhankaliyev/.m2/repository/jakarta/annotation/jakarta.annotation-api/1.3.5/jakarta.annotation-api-1.3.5.jar:/Users/alikhankaliyev/.m2/repository/org/yaml/snakeyaml/1.30/snakeyaml-1.30.jar:/Users/alikhankaliyev/.m2/repository/org/springframework/boot/spring-boot-starter-json/2.7.1/spring-boot-starter-json-2.7.1.jar:/Users/alikhankaliyev/.m2/repository/com/fasterxml/jackson/core/jackson-databind/2.13.3/jackson-databind-2.13.3.jar:/Users/alikhankaliyev/.m2/repository/com/fasterxml/jackson/core/jackson-annotations/2.13.3/jackson-annotations-2.13.3.jar:/Users/alikhankaliyev/.m2/repository/com/fasterxml/jackson/datatype/jackson-datatype-jdk8/2.13.3/jackson-datatype-jdk8-2.13.3.jar:/Users/alikhankaliyev/.m2/repository/com/fasterxml/jackson/datatype/jackson-datatype-jsr310/2.13.3/jackson-datatype-jsr310-2.13.3.jar:/Users/alikhankaliyev/.m2/repository/com/fasterxml/jackson/module/jackson-module-parameter-names/2.13.3/jackson-module-parameter-names-2.13.3.jar:/Users/alikhankaliyev/.m2/repository/org/springframework/boot/spring-boot-starter-tomcat/2.7.1/spring-boot-starter-tomcat-2.7.1.jar:/Users/alikhankaliyev/.m2/repository/org/apache/tomcat/embed/tomcat-embed-core/9.0.64/tomcat-embed-core-9.0.64.jar:/Users/alikhankaliyev/.m2/repository/org/apache/tomcat/embed/tomcat-embed-el/9.0.64/tomcat-embed-el-9.0.64.jar:/Users/alikhankaliyev/.m2/repository/org/apache/tomcat/embed/tomcat-embed-websocket/9.0.64/tomcat-embed-websocket-9.0.64.jar:/Users/alikhankaliyev/.m2/repository/org/springframework/spring-web/5.3.21/spring-web-5.3.21.jar:/Users/alikhankaliyev/.m2/repository/org/springframework/spring-beans/5.3.21/spring-beans-5.3.21.jar:/Users/alikhankaliyev/.m2/repository/org/springframework/spring-webmvc/5.3.21/spring-webmvc-5.3.21.jar:/Users/alikhankaliyev/.m2/repository/org/springframework/spring-aop/5.3.21/spring-aop-5.3.21.jar:/Users/alikhankaliyev/.m2/repository/org/springframework/spring-context/5.3.21/spring-context-5.3.21.jar:/Users/alikhankaliyev/.m2/repository/org/springframework/spring-expression/5.3.21/spring-expression-5.3.21.jar:/Users/alikhankaliyev/.m2/repository/org/flywaydb/flyway-core/8.5.13/flyway-core-8.5.13.jar:/Users/alikhankaliyev/.m2/repository/org/projectlombok/lombok/1.18.24/lombok-1.18.24.jar:/Users/alikhankaliyev/.m2/repository/org/springframework/boot/spring-boot-starter-test/2.7.1/spring-boot-starter-test-2.7.1.jar:/Users/alikhankaliyev/.m2/repository/org/springframework/boot/spring-boot-test/2.7.1/spring-boot-test-2.7.1.jar:/Users/alikhankaliyev/.m2/repository/org/springframework/boot/spring-boot-test-autoconfigure/2.7.1/spring-boot-test-autoconfigure-2.7.1.jar:/Users/alikhankaliyev/.m2/repository/com/jayway/jsonpath/json-path/2.7.0/json-path-2.7.0.jar:/Users/alikhankaliyev/.m2/repository/net/minidev/json-smart/2.4.8/json-smart-2.4.8.jar:/Users/alikhankaliyev/.m2/repository/net/minidev/accessors-smart/2.4.8/accessors-smart-2.4.8.jar:/Users/alikhankaliyev/.m2/repository/org/ow2/asm/asm/9.1/asm-9.1.jar:/Users/alikhankaliyev/.m2/repository/jakarta/xml/bind/jakarta.xml.bind-api/2.3.3/jakarta.xml.bind-api-2.3.3.jar:/Users/alikhankaliyev/.m2/repository/jakarta/activation/jakarta.activation-api/1.2.2/jakarta.activation-api-1.2.2.jar:/Users/alikhankaliyev/.m2/repository/org/assertj/assertj-core/3.22.0/assertj-core-3.22.0.jar:/Users/alikhankaliyev/.m2/repository/org/hamcrest/hamcrest/2.2/hamcrest-2.2.jar:/Users/alikhankaliyev/.m2/repository/org/junit/jupiter/junit-jupiter/5.8.2/junit-jupiter-5.8.2.jar:/Users/alikhankaliyev/.m2/repository/org/junit/jupiter/junit-jupiter-api/5.8.2/junit-jupiter-api-5.8.2.jar:/Users/alikhankaliyev/.m2/repository/org/opentest4j/opentest4j/1.2.0/opentest4j-1.2.0.jar:/Users/alikhankaliyev/.m2/repository/org/junit/platform/junit-platform-commons/1.8.2/junit-platform-commons-1.8.2.jar:/Users/alikhankaliyev/.m2/repository/org/apiguardian/apiguardian-api/1.1.2/apiguardian-api-1.1.2.jar:/Users/alikhankaliyev/.m2/repository/org/junit/jupiter/junit-jupiter-params/5.8.2/junit-jupiter-params-5.8.2.jar:/Users/alikhankaliyev/.m2/repository/org/junit/jupiter/junit-jupiter-engine/5.8.2/junit-jupiter-engine-5.8.2.jar:/Users/alikhankaliyev/.m2/repository/org/junit/platform/junit-platform-engine/1.8.2/junit-platform-engine-1.8.2.jar:/Users/alikhankaliyev/.m2/repository/org/mockito/mockito-core/4.5.1/mockito-core-4.5.1.jar:/Users/alikhankaliyev/.m2/repository/net/bytebuddy/byte-buddy/1.12.11/byte-buddy-1.12.11.jar:/Users/alikhankaliyev/.m2/repository/net/bytebuddy/byte-buddy-agent/1.12.11/byte-buddy-agent-1.12.11.jar:/Users/alikhankaliyev/.m2/repository/org/objenesis/objenesis/3.2/objenesis-3.2.jar:/Users/alikhankaliyev/.m2/repository/org/mockito/mockito-junit-jupiter/4.5.1/mockito-junit-jupiter-4.5.1.jar:/Users/alikhankaliyev/.m2/repository/org/skyscreamer/jsonassert/1.5.0/jsonassert-1.5.0.jar:/Users/alikhankaliyev/.m2/repository/com/vaadin/external/google/android-json/0.0.20131108.vaadin1/android-json-0.0.20131108.vaadin1.jar:/Users/alikhankaliyev/.m2/repository/org/springframework/spring-core/5.3.21/spring-core-5.3.21.jar:/Users/alikhankaliyev/.m2/repository/org/springframework/spring-jcl/5.3.21/spring-jcl-5.3.21.jar:/Users/alikhankaliyev/.m2/repository/org/springframework/spring-test/5.3.21/spring-test-5.3.21.jar:/Users/alikhankaliyev/.m2/repository/org/xmlunit/xmlunit-core/2.9.0/xmlunit-core-2.9.0.jar:/Users/alikhankaliyev/.m2/repository/org/springframework/boot/spring-boot-starter-amqp/2.7.1/spring-boot-starter-amqp-2.7.1.jar:/Users/alikhankaliyev/.m2/repository/org/springframework/spring-messaging/5.3.21/spring-messaging-5.3.21.jar:/Users/alikhankaliyev/.m2/repository/org/springframework/amqp/spring-rabbit/2.4.6/spring-rabbit-2.4.6.jar:/Users/alikhankaliyev/.m2/repository/org/springframework/amqp/spring-amqp/2.4.6/spring-amqp-2.4.6.jar:/Users/alikhankaliyev/.m2/repository/org/springframework/retry/spring-retry/1.3.3/spring-retry-1.3.3.jar:/Users/alikhankaliyev/.m2/repository/com/rabbitmq/amqp-client/5.14.2/amqp-client-5.14.2.jar:/Users/alikhankaliyev/.m2/repository/org/springframework/spring-tx/5.3.21/spring-tx-5.3.21.jar:/Users/alikhankaliyev/.m2/repository/org/springdoc/springdoc-openapi-ui/1.6.15/springdoc-openapi-ui-1.6.15.jar:/Users/alikhankaliyev/.m2/repository/org/springdoc/springdoc-openapi-webmvc-core/1.6.15/springdoc-openapi-webmvc-core-1.6.15.jar:/Users/alikhankaliyev/.m2/repository/org/springdoc/springdoc-openapi-common/1.6.15/springdoc-openapi-common-1.6.15.jar:/Users/alikhankaliyev/.m2/repository/io/swagger/core/v3/swagger-core/2.2.8/swagger-core-2.2.8.jar:/Users/alikhankaliyev/.m2/repository/org/apache/commons/commons-lang3/3.12.0/commons-lang3-3.12.0.jar:/Users/alikhankaliyev/.m2/repository/com/fasterxml/jackson/dataformat/jackson-dataformat-yaml/2.13.3/jackson-dataformat-yaml-2.13.3.jar:/Users/alikhankaliyev/.m2/repository/io/swagger/core/v3/swagger-annotations/2.2.8/swagger-annotations-2.2.8.jar:/Users/alikhankaliyev/.m2/repository/io/swagger/core/v3/swagger-models/2.2.8/swagger-models-2.2.8.jar:/Users/alikhankaliyev/.m2/repository/jakarta/validation/jakarta.validation-api/2.0.2/jakarta.validation-api-2.0.2.jar:/Users/alikhankaliyev/.m2/repository/org/webjars/swagger-ui/4.17.1/swagger-ui-4.17.1.jar:/Users/alikhankaliyev/.m2/repository/org/webjars/webjars-locator-core/0.50/webjars-locator-core-0.50.jar:/Users/alikhankaliyev/.m2/repository/com/fasterxml/jackson/core/jackson-core/2.13.3/jackson-core-2.13.3.jar:/Users/alikhankaliyev/.m2/repository/io/github/classgraph/classgraph/4.8.149/classgraph-4.8.149.jar:/Users/alikhankaliyev/.m2/repository/org/springframework/boot/spring-boot-devtools/2.7.1/spring-boot-devtools-2.7.1.jar:/Users/alikhankaliyev/.m2/repository/org/springframework/boot/spring-boot/2.7.1/spring-boot-2.7.1.jar:/Users/alikhankaliyev/.m2/repository/org/springframework/boot/spring-boot-autoconfigure/2.7.1/spring-boot-autoconfigure-2.7.1.jar:/Users/alikhankaliyev/.m2/repository/org/springframework/amqp/spring-rabbit-test/2.4.6/spring-rabbit-test-2.4.6.jar:/Users/alikhankaliyev/.m2/repository/org/springframework/amqp/spring-rabbit-junit/2.4.6/spring-rabbit-junit-2.4.6.jar:/Users/alikhankaliyev/.m2/repository/com/rabbitmq/http-client/3.12.1/http-client-3.12.1.jar:/Users/alikhankaliyev/.m2/repository/org/codehaus/groovy/groovy/3.0.11/groovy-3.0.11.jar:/Users/alikhankaliyev/.m2/repository/org/codehaus/groovy/groovy-json/3.0.11/groovy-json-3.0.11.jar:/Users/alikhankaliyev/.m2/repository/org/hamcrest/hamcrest-library/2.2/hamcrest-library-2.2.jar:/Users/alikhankaliyev/.m2/repository/org/hamcrest/hamcrest-core/2.2/hamcrest-core-2.2.jar:/Users/alikhankaliyev/.m2/repository/org/springframework/boot/spring-boot-starter-data-jpa/2.7.1/spring-boot-starter-data-jpa-2.7.1.jar:/Users/alikhankaliyev/.m2/repository/org/springframework/boot/spring-boot-starter-aop/2.7.1/spring-boot-starter-aop-2.7.1.jar:/Users/alikhankaliyev/.m2/repository/org/aspectj/aspectjweaver/1.9.7/aspectjweaver-1.9.7.jar:/Users/alikhankaliyev/.m2/repository/org/springframework/boot/spring-boot-starter-jdbc/2.7.1/spring-boot-starter-jdbc-2.7.1.jar:/Users/alikhankaliyev/.m2/repository/com/zaxxer/HikariCP/4.0.3/HikariCP-4.0.3.jar:/Users/alikhankaliyev/.m2/repository/org/springframework/spring-jdbc/5.3.21/spring-jdbc-5.3.21.jar:/Users/alikhankaliyev/.m2/repository/jakarta/transaction/jakarta.transaction-api/1.3.3/jakarta.transaction-api-1.3.3.jar:/Users/alikhankaliyev/.m2/repository/jakarta/persistence/jakarta.persistence-api/2.2.3/jakarta.persistence-api-2.2.3.jar:/Users/alikhankaliyev/.m2/repository/org/hibernate/hibernate-core/5.6.9.Final/hibernate-core-5.6.9.Final.jar:/Users/alikhankaliyev/.m2/repository/org/jboss/logging/jboss-logging/3.4.3.Final/jboss-logging-3.4.3.Final.jar:/Users/alikhankaliyev/.m2/repository/antlr/antlr/2.7.7/antlr-2.7.7.jar:/Users/alikhankaliyev/.m2/repository/org/jboss/jandex/2.4.2.Final/jandex-2.4.2.Final.jar:/Users/alikhankaliyev/.m2/repository/com/fasterxml/classmate/1.5.1/classmate-1.5.1.jar:/Users/alikhankaliyev/.m2/repository/org/hibernate/common/hibernate-commons-annotations/5.1.2.Final/hibernate-commons-annotations-5.1.2.Final.jar:/Users/alikhankaliyev/.m2/repository/org/glassfish/jaxb/jaxb-runtime/2.3.6/jaxb-runtime-2.3.6.jar:/Users/alikhankaliyev/.m2/repository/org/glassfish/jaxb/txw2/2.3.6/txw2-2.3.6.jar:/Users/alikhankaliyev/.m2/repository/com/sun/istack/istack-commons-runtime/3.0.12/istack-commons-runtime-3.0.12.jar:/Users/alikhankaliyev/.m2/repository/com/sun/activation/jakarta.activation/1.2.2/jakarta.activation-1.2.2.jar:/Users/alikhankaliyev/.m2/repository/org/springframework/data/spring-data-jpa/2.7.1/spring-data-jpa-2.7.1.jar:/Users/alikhankaliyev/.m2/repository/org/springframework/data/spring-data-commons/2.7.1/spring-data-commons-2.7.1.jar:/Users/alikhankaliyev/.m2/repository/org/springframework/spring-orm/5.3.21/spring-orm-5.3.21.jar:/Users/alikhankaliyev/.m2/repository/org/springframework/spring-aspects/5.3.21/spring-aspects-5.3.21.jar:/Users/alikhankaliyev/.m2/repository/org/postgresql/postgresql/42.3.6/postgresql-42.3.6.jar:/Users/alikhankaliyev/.m2/repository/org/checkerframework/checker-qual/3.5.0/checker-qual-3.5.0.jar:/Users/alikhankaliyev/.m2/repository/org/slf4j/jcl-over-slf4j/1.7.36/jcl-over-slf4j-1.7.36.jar:/Users/alikhankaliyev/.m2/repository/org/slf4j/slf4j-api/1.7.36/slf4j-api-1.7.36.jar:/Users/alikhankaliyev/.m2/repository/io/gatling/highcharts/gatling-charts-highcharts/3.9.3/gatling-charts-highcharts-3.9.3.jar:/Users/alikhankaliyev/.m2/repository/io/gatling/gatling-app/3.9.3/gatling-app-3.9.3.jar:/Users/alikhankaliyev/.m2/repository/io/gatling/gatling-core/3.9.3/gatling-core-3.9.3.jar:/Users/alikhankaliyev/.m2/repository/io/gatling/gatling-netty-util/3.9.3/gatling-netty-util-3.9.3.jar:/Users/alikhankaliyev/.m2/repository/io/gatling/gatling-jdk-util/3.9.3/gatling-jdk-util-3.9.3.jar:/Users/alikhankaliyev/.m2/repository/io/netty/incubator/netty-incubator-transport-native-io_uring/0.0.19.Final/netty-incubator-transport-native-io_uring-0.0.19.Final-linux-x86_64.jar:/Users/alikhankaliyev/.m2/repository/io/netty/incubator/netty-incubator-transport-classes-io_uring/0.0.19.Final/netty-incubator-transport-classes-io_uring-0.0.19.Final.jar:/Users/alikhankaliyev/.m2/repository/io/netty/incubator/netty-incubator-transport-native-io_uring/0.0.19.Final/netty-incubator-transport-native-io_uring-0.0.19.Final-linux-aarch_64.jar:/Users/alikhankaliyev/.m2/repository/io/gatling/gatling-commons/3.9.3/gatling-commons-3.9.3.jar:/Users/alikhankaliyev/.m2/repository/io/gatling/gatling-commons-shared/3.9.3/gatling-commons-shared-3.9.3.jar:/Users/alikhankaliyev/.m2/repository/org/scala-lang/scala-reflect/2.13.10/scala-reflect-2.13.10.jar:/Users/alikhankaliyev/.m2/repository/io/suzaku/boopickle_2.13/1.3.3/boopickle_2.13-1.3.3.jar:/Users/alikhankaliyev/.m2/repository/io/gatling/gatling-commons-shared-unstable/3.9.3/gatling-commons-shared-unstable-3.9.3.jar:/Users/alikhankaliyev/.m2/repository/org/typelevel/spire-macros_2.13/0.17.0/spire-macros_2.13-0.17.0.jar:/Users/alikhankaliyev/.m2/repository/com/typesafe/scala-logging/scala-logging_2.13/3.9.5/scala-logging_2.13-3.9.5.jar:/Users/alikhankaliyev/.m2/repository/io/gatling/gatling-jsonpath/3.9.3/gatling-jsonpath-3.9.3.jar:/Users/alikhankaliyev/.m2/repository/com/typesafe/akka/akka-slf4j_2.13/2.6.20/akka-slf4j_2.13-2.6.20.jar:/Users/alikhankaliyev/.m2/repository/org/simpleflatmapper/lightning-csv/8.2.3/lightning-csv-8.2.3.jar:/Users/alikhankaliyev/.m2/repository/org/simpleflatmapper/sfm-util/8.2.3/sfm-util-8.2.3.jar:/Users/alikhankaliyev/.m2/repository/com/github/ben-manes/caffeine/caffeine/2.9.3/caffeine-2.9.3.jar:/Users/alikhankaliyev/.m2/repository/com/google/errorprone/error_prone_annotations/2.10.0/error_prone_annotations-2.10.0.jar:/Users/alikhankaliyev/.m2/repository/io/pebbletemplates/pebble/3.2.0/pebble-3.2.0.jar:/Users/alikhankaliyev/.m2/repository/org/unbescape/unbescape/1.1.6.RELEASE/unbescape-1.1.6.RELEASE.jar:/Users/alikhankaliyev/.m2/repository/org/scala-lang/modules/scala-parser-combinators_2.13/2.2.0/scala-parser-combinators_2.13-2.2.0.jar:/Users/alikhankaliyev/.m2/repository/com/github/scopt/scopt_2.13/3.7.1/scopt_2.13-3.7.1.jar:/Users/alikhankaliyev/.m2/repository/io/netty/netty-handler/4.1.78.Final/netty-handler-4.1.78.Final.jar:/Users/alikhankaliyev/.m2/repository/io/netty/netty-resolver/4.1.78.Final/netty-resolver-4.1.78.Final.jar:/Users/alikhankaliyev/.m2/repository/io/netty/netty-transport-native-unix-common/4.1.78.Final/netty-transport-native-unix-common-4.1.78.Final.jar:/Users/alikhankaliyev/.m2/repository/io/netty/netty-tcnative-classes/2.0.53.Final/netty-tcnative-classes-2.0.53.Final.jar:/Users/alikhankaliyev/.m2/repository/com/softwaremill/quicklens/quicklens_2.13/1.9.0/quicklens_2.13-1.9.0.jar:/Users/alikhankaliyev/.m2/repository/net/sf/saxon/Saxon-HE/10.6/Saxon-HE-10.6.jar:/Users/alikhankaliyev/.m2/repository/org/jodd/jodd-lagarto/6.0.6/jodd-lagarto-6.0.6.jar:/Users/alikhankaliyev/.m2/repository/org/jodd/jodd-util/6.1.0/jodd-util-6.1.0.jar:/Users/alikhankaliyev/.m2/repository/io/burt/jmespath-jackson/0.5.1/jmespath-jackson-0.5.1.jar:/Users/alikhankaliyev/.m2/repository/io/burt/jmespath-core/0.5.1/jmespath-core-0.5.1.jar:/Users/alikhankaliyev/.m2/repository/io/gatling/gatling-core-java/3.9.3/gatling-core-java-3.9.3.jar:/Users/alikhankaliyev/.m2/repository/net/jodah/typetools/0.6.3/typetools-0.6.3.jar:/Users/alikhankaliyev/.m2/repository/com/google/code/findbugs/jsr305/3.0.2/jsr305-3.0.2.jar:/Users/alikhankaliyev/.m2/repository/io/gatling/gatling-http/3.9.3/gatling-http-3.9.3.jar:/Users/alikhankaliyev/.m2/repository/io/gatling/gatling-http-client/3.9.3/gatling-http-client-3.9.3.jar:/Users/alikhankaliyev/.m2/repository/io/netty/netty-handler-proxy/4.1.78.Final/netty-handler-proxy-4.1.78.Final.jar:/Users/alikhankaliyev/.m2/repository/io/netty/netty-codec-socks/4.1.78.Final/netty-codec-socks-4.1.78.Final.jar:/Users/alikhankaliyev/.m2/repository/io/netty/netty-resolver-dns/4.1.78.Final/netty-resolver-dns-4.1.78.Final.jar:/Users/alikhankaliyev/.m2/repository/io/netty/netty-codec-dns/4.1.78.Final/netty-codec-dns-4.1.78.Final.jar:/Users/alikhankaliyev/.m2/repository/io/netty/netty-codec-http2/4.1.78.Final/netty-codec-http2-4.1.78.Final.jar:/Users/alikhankaliyev/.m2/repository/io/netty/netty-resolver-dns-native-macos/4.1.78.Final/netty-resolver-dns-native-macos-4.1.78.Final-osx-x86_64.jar:/Users/alikhankaliyev/.m2/repository/io/netty/netty-resolver-dns-classes-macos/4.1.78.Final/netty-resolver-dns-classes-macos-4.1.78.Final.jar:/Users/alikhankaliyev/.m2/repository/io/netty/netty-resolver-dns-native-macos/4.1.78.Final/netty-resolver-dns-native-macos-4.1.78.Final-osx-aarch_64.jar:/Users/alikhankaliyev/.m2/repository/io/netty/netty-tcnative-boringssl-static/2.0.53.Final/netty-tcnative-boringssl-static-2.0.53.Final.jar:/Users/alikhankaliyev/.m2/repository/io/netty/netty-tcnative-boringssl-static/2.0.53.Final/netty-tcnative-boringssl-static-2.0.53.Final-linux-x86_64.jar:/Users/alikhankaliyev/.m2/repository/io/netty/netty-tcnative-boringssl-static/2.0.53.Final/netty-tcnative-boringssl-static-2.0.53.Final-linux-aarch_64.jar:/Users/alikhankaliyev/.m2/repository/io/netty/netty-tcnative-boringssl-static/2.0.53.Final/netty-tcnative-boringssl-static-2.0.53.Final-osx-x86_64.jar:/Users/alikhankaliyev/.m2/repository/io/netty/netty-tcnative-boringssl-static/2.0.53.Final/netty-tcnative-boringssl-static-2.0.53.Final-osx-aarch_64.jar:/Users/alikhankaliyev/.m2/repository/io/netty/netty-tcnative-boringssl-static/2.0.53.Final/netty-tcnative-boringssl-static-2.0.53.Final-windows-x86_64.jar:/Users/alikhankaliyev/.m2/repository/com/aayushatharva/brotli4j/brotli4j/1.11.0/brotli4j-1.11.0.jar:/Users/alikhankaliyev/.m2/repository/com/aayushatharva/brotli4j/service/1.11.0/service-1.11.0.jar:/Users/alikhankaliyev/.m2/repository/com/aayushatharva/brotli4j/native-linux-x86_64/1.11.0/native-linux-x86_64-1.11.0.jar:/Users/alikhankaliyev/.m2/repository/com/aayushatharva/brotli4j/native-linux-aarch64/1.11.0/native-linux-aarch64-1.11.0.jar:/Users/alikhankaliyev/.m2/repository/com/aayushatharva/brotli4j/native-osx-x86_64/1.11.0/native-osx-x86_64-1.11.0.jar:/Users/alikhankaliyev/.m2/repository/com/aayushatharva/brotli4j/native-osx-aarch64/1.11.0/native-osx-aarch64-1.11.0.jar:/Users/alikhankaliyev/.m2/repository/com/aayushatharva/brotli4j/native-windows-x86_64/1.11.0/native-windows-x86_64-1.11.0.jar:/Users/alikhankaliyev/.m2/repository/io/gatling/gatling-http-java/3.9.3/gatling-http-java-3.9.3.jar:/Users/alikhankaliyev/.m2/repository/io/gatling/gatling-jms/3.9.3/gatling-jms-3.9.3.jar:/Users/alikhankaliyev/.m2/repository/javax/jms/javax.jms-api/2.0.1/javax.jms-api-2.0.1.jar:/Users/alikhankaliyev/.m2/repository/com/eatthepath/fast-uuid/0.2.0/fast-uuid-0.2.0.jar:/Users/alikhankaliyev/.m2/repository/io/gatling/gatling-jms-java/3.9.3/gatling-jms-java-3.9.3.jar:/Users/alikhankaliyev/.m2/repository/io/gatling/gatling-mqtt/3.9.3/gatling-mqtt-3.9.3.jar:/Users/alikhankaliyev/.m2/repository/io/netty/netty-codec-mqtt/4.1.78.Final/netty-codec-mqtt-4.1.78.Final.jar:/Users/alikhankaliyev/.m2/repository/io/netty/netty-transport-native-epoll/4.1.78.Final/netty-transport-native-epoll-4.1.78.Final-linux-x86_64.jar:/Users/alikhankaliyev/.m2/repository/io/netty/netty-transport-classes-epoll/4.1.78.Final/netty-transport-classes-epoll-4.1.78.Final.jar:/Users/alikhankaliyev/.m2/repository/io/netty/netty-transport-native-epoll/4.1.78.Final/netty-transport-native-epoll-4.1.78.Final-linux-aarch_64.jar:/Users/alikhankaliyev/.m2/repository/io/gatling/gatling-mqtt-java/3.9.3/gatling-mqtt-java-3.9.3.jar:/Users/alikhankaliyev/.m2/repository/io/gatling/gatling-jdbc/3.9.3/gatling-jdbc-3.9.3.jar:/Users/alikhankaliyev/.m2/repository/io/gatling/gatling-jdbc-java/3.9.3/gatling-jdbc-java-3.9.3.jar:/Users/alikhankaliyev/.m2/repository/io/gatling/gatling-redis/3.9.3/gatling-redis-3.9.3.jar:/Users/alikhankaliyev/.m2/repository/net/debasishg/redisclient_2.13/3.42/redisclient_2.13-3.42.jar:/Users/alikhankaliyev/.m2/repository/org/apache/commons/commons-pool2/2.11.1/commons-pool2-2.11.1.jar:/Users/alikhankaliyev/.m2/repository/io/gatling/gatling-redis-java/3.9.3/gatling-redis-java-3.9.3.jar:/Users/alikhankaliyev/.m2/repository/io/gatling/gatling-graphite/3.9.3/gatling-graphite-3.9.3.jar:/Users/alikhankaliyev/.m2/repository/org/hdrhistogram/HdrHistogram/2.1.12/HdrHistogram-2.1.12.jar:/Users/alikhankaliyev/.m2/repository/io/gatling/gatling-charts/3.9.3/gatling-charts-3.9.3.jar:/Users/alikhankaliyev/.m2/repository/com/tdunning/t-digest/3.1/t-digest-3.1.jar:/Users/alikhankaliyev/.m2/repository/io/gatling/gatling-recorder/3.9.3/gatling-recorder-3.9.3.jar:/Users/alikhankaliyev/.m2/repository/org/scala-lang/modules/scala-swing_2.13/3.0.0/scala-swing_2.13-3.0.0.jar:/Users/alikhankaliyev/.m2/repository/io/gatling/gatling-recorder-bc-shaded/1.72/gatling-recorder-bc-shaded-1.72.jar:/Users/alikhankaliyev/.m2/repository/io/netty/netty-codec-http/4.1.78.Final/netty-codec-http-4.1.78.Final.jar:/Users/alikhankaliyev/.m2/repository/io/netty/netty-common/4.1.78.Final/netty-common-4.1.78.Final.jar:/Users/alikhankaliyev/.m2/repository/io/netty/netty-buffer/4.1.78.Final/netty-buffer-4.1.78.Final.jar:/Users/alikhankaliyev/.m2/repository/io/netty/netty-transport/4.1.78.Final/netty-transport-4.1.78.Final.jar:/Users/alikhankaliyev/.m2/repository/io/netty/netty-codec/4.1.78.Final/netty-codec-4.1.78.Final.jar:/Users/alikhankaliyev/.m2/repository/com/typesafe/akka/akka-actor_2.13/2.6.20/akka-actor_2.13-2.6.20.jar:/Users/alikhankaliyev/.m2/repository/com/typesafe/config/1.4.2/config-1.4.2.jar:/Users/alikhankaliyev/.m2/repository/org/scala-lang/modules/scala-java8-compat_2.13/1.0.0/scala-java8-compat_2.13-1.0.0.jar:/Users/alikhankaliyev/.m2/repository/org/scala-lang/scala-library/2.13.10/scala-library-2.13.10.jar:"/>
    <property name="sun.cpu.endian" value="little"/>
    <property name="user.home" value="/Users/alikhankaliyev"/>
    <property name="user.language" value="en"/>
    <property name="java.specification.vendor" value="Oracle Corporation"/>
    <property name="java.version.date" value="2023-01-17"/>
    <property name="java.home" value="/opt/homebrew/Cellar/openjdk/19.0.2/libexec/openjdk.jdk/Contents/Home"/>
    <property name="file.separator" value="/"/>
    <property name="basedir" value="/Users/alikhankaliyev/Desktop/Project_spring"/>
    <property name="java.vm.compressedOopsMode" value="Zero based"/>
    <property name="line.separator" value="&#10;"/>
    <property name="java.vm.specification.vendor" value="Oracle Corporation"/>
    <property name="java.specification.name" value="Java Platform API Specification"/>
    <property name="apple.awt.application.name" value="ForkedBooter"/>
    <property name="surefire.real.class.path" value="/Users/alikhankaliyev/Desktop/Project_spring/target/surefire/surefirebooter17081279496300543874.jar"/>
    <property name="sun.management.compiler" value="HotSpot 64-Bit Tiered Compilers"/>
    <property name="ftp.nonProxyHosts" value="local|*.local|169.254/16|*.169.254/16"/>
    <property name="java.runtime.version" value="19.0.2"/>
    <property name="user.name" value="alikhankaliyev"/>
    <property name="stdout.encoding" value="UTF-8"/>
    <property name="path.separator" value=":"/>
    <property name="os.version" value="13.1"/>
    <property name="java.runtime.name" value="OpenJDK Runtime Environment"/>
    <property name="file.encoding" value="UTF-8"/>
    <property name="java.vm.name" value="OpenJDK 64-Bit Server VM"/>
    <property name="java.vendor.version" value="Homebrew"/>
    <property name="localRepository" value="/Users/alikhankaliyev/.m2/repository"/>
    <property name="java.vendor.url.bug" value="https://github.com/Homebrew/homebrew-core/issues"/>
    <property name="java.io.tmpdir" value="/var/folders/_c/gkp2bd216wx_gqj40rskd7940000gn/T/"/>
    <property name="java.version" value="19.0.2"/>
    <property name="user.dir" value="/Users/alikhankaliyev/Desktop/Project_spring"/>
    <property name="os.arch" value="aarch64"/>
    <property name="java.vm.specification.name" value="Java Virtual Machine Specification"/>
    <property name="native.encoding" value="UTF-8"/>
    <property name="java.library.path" value="/Users/alikhankaliyev/Library/Java/Extensions:/Library/Java/Extensions:/Network/Library/Java/Extensions:/System/Library/Java/Extensions:/usr/lib/java:."/>
    <property name="java.vm.info" value="mixed mode, sharing"/>
    <property name="stderr.encoding" value="UTF-8"/>
    <property name="java.vendor" value="Homebrew"/>
    <property name="java.vm.version" value="19.0.2"/>
    <property name="sun.io.unicode.encoding" value="UnicodeBig"/>
    <property name="socksNonProxyHosts" value="local|*.local|169.254/16|*.169.254/16"/>
    <property name="java.class.version" value="63.0"/>
  </properties>
  <testcase name="contextLoads" classname="kz.kbtu.sfcourse.SFCourseApplicationTests" time="0.059"/>
</testsuite>